<?xml version="1.0" encoding="UTF-8"?>
<testng-results ignored="0" total="2" passed="2" failed="0" skipped="0">
  <reporter-output>
  </reporter-output>
  <suite started-at="2020-11-24T21:41:44 IST" name="Default suite" finished-at="2020-11-24T21:41:44 IST" duration-ms="145">
    <groups>
    </groups>
    <test started-at="2020-11-24T21:41:44 IST" name="Default test" finished-at="2020-11-24T21:41:44 IST" duration-ms="145">
      <class name="testing.appiumTest">
        <test-method signature="start()[pri:0, instance:testing.appiumTest@20deea7f]" started-at="2020-11-24T21:41:44 IST" name="start" finished-at="2020-11-24T21:41:44 IST" duration-ms="25" status="PASS">
          <reporter-output>
          </reporter-output>
        </test-method> <!-- start -->
        <test-method signature="start1()[pri:0, instance:testing.appiumTest@20deea7f]" started-at="2020-11-24T21:41:44 IST" name="start1" finished-at="2020-11-24T21:41:44 IST" duration-ms="2" status="PASS">
          <reporter-output>
          </reporter-output>
        </test-method> <!-- start1 -->
      </class> <!-- testing.appiumTest -->
    </test> <!-- Default test -->
  </suite> <!-- Default suite -->
</testng-results>
